#
# There is insufficient memory for the Java Runtime Environment to continue.
# Native memory allocation (malloc) failed to allocate 40336 bytes for Chunk::new
# Possible reasons:
#   The system is out of physical RAM or swap space
#   In 32 bit mode, the process size limit was hit
# Possible solutions:
#   Reduce memory load on the system
#   Increase physical memory or swap space
#   Check if swap backing store is full
#   Use 64 bit Java on a 64 bit OS
#   Decrease Java heap size (-Xmx/-Xms)
#   Decrease number of Java threads
#   Decrease Java thread stack sizes (-Xss)
#   Set larger code cache with -XX:ReservedCodeCacheSize=
# This output file may be truncated or incomplete.
#
#  Out of Memory Error (allocation.cpp:390), pid=10972, tid=19444
#
# JRE version: Java(TM) SE Runtime Environment (8.0_31-b13) (build 1.8.0_31-b13)
# Java VM: Java HotSpot(TM) 64-Bit Server VM (25.31-b07 mixed mode windows-amd64 compressed oops)
# Failed to write core dump. Minidumps are not enabled by default on client versions of Windows
#

---------------  T H R E A D  ---------------

Current thread (0x000000001c5e0800):  JavaThread "C2 CompilerThread1" daemon [_thread_in_native, id=19444, stack(0x000000001dc30000,0x000000001dd30000)]

Stack: [0x000000001dc30000,0x000000001dd30000]
Native frames: (J=compiled Java code, j=interpreted, Vv=VM code, C=native code)
V  [jvm.dll+0x3169ba]


Current CompileTask:
C2:  70335  549       4       java.util.HashMap::putVal (300 bytes)


---------------  P R O C E S S  ---------------

Java Threads: ( => current thread )
  0x000000001c637000 JavaThread "Service Thread" daemon [_thread_blocked, id=19740, stack(0x000000001de30000,0x000000001df30000)]
  0x000000001c631800 JavaThread "C1 CompilerThread2" daemon [_thread_in_native, id=19460, stack(0x000000001dd30000,0x000000001de30000)]
=>0x000000001c5e0800 JavaThread "C2 CompilerThread1" daemon [_thread_in_native, id=19444, stack(0x000000001dc30000,0x000000001dd30000)]
  0x000000001c5de800 JavaThread "C2 CompilerThread0" daemon [_thread_in_native, id=19376, stack(0x000000001db30000,0x000000001dc30000)]
  0x000000001c5dc800 JavaThread "Attach Listener" daemon [_thread_blocked, id=19372, stack(0x000000001da30000,0x000000001db30000)]
  0x000000001c5db800 JavaThread "Signal Dispatcher" daemon [_thread_blocked, id=19368, stack(0x000000001d930000,0x000000001da30000)]
  0x0000000002fff000 JavaThread "Finalizer" daemon [_thread_blocked, id=18648, stack(0x000000001d830000,0x000000001d930000)]
  0x0000000002ffc800 JavaThread "Reference Handler" daemon [_thread_blocked, id=18644, stack(0x000000001d730000,0x000000001d830000)]
  0x0000000002f11000 JavaThread "main" [_thread_in_native, id=17084, stack(0x0000000002d10000,0x0000000002e10000)]

Other Threads:
  0x000000001c5a7000 VMThread [stack: 0x000000001d630000,0x000000001d730000] [id=18176]
  0x000000001c639800 WatcherThread [stack: 0x000000001df30000,0x000000001e030000] [id=19744]

VM state:not at safepoint (normal execution)

VM Mutex/Monitor currently owned by a thread: None

Heap:
 PSYoungGen      total 76288K, used 15794K [0x000000076b400000, 0x0000000770900000, 0x00000007c0000000)
  eden space 65536K, 24% used [0x000000076b400000,0x000000076c36c9d0,0x000000076f400000)
  from space 10752K, 0% used [0x000000076fe80000,0x000000076fe80000,0x0000000770900000)
  to   space 10752K, 0% used [0x000000076f400000,0x000000076f400000,0x000000076fe80000)
 ParOldGen       total 175104K, used 0K [0x00000006c1c00000, 0x00000006cc700000, 0x000000076b400000)
  object space 175104K, 0% used [0x00000006c1c00000,0x00000006c1c00000,0x00000006cc700000)
 Metaspace       used 7896K, capacity 8022K, committed 8064K, reserved 1056768K
  class space    used 859K, capacity 889K, committed 896K, reserved 1048576K

Card table byte_map: [0x00000000123d0000,0x0000000012bd0000] byte_map_base: 0x000000000edc2000

Marking Bits: (ParMarkBitMap*) 0x0000000069d8d4f0
 Begin Bits: [0x0000000013520000, 0x00000000174b0000)
 End Bits:   [0x00000000174b0000, 0x000000001b440000)

Polling page: 0x0000000001350000

CodeCache: size=245760Kb used=2303Kb max_used=2311Kb free=243456Kb
 bounds [0x0000000003010000, 0x0000000003280000, 0x0000000012010000]
 total_blobs=885 nmethods=562 adapters=237
 compilation: enabled

Compilation events (10 events):
Event: 69.876 Thread 0x000000001c5de800  543       4       java.lang.String::indexOf (7 bytes)
Event: 69.876 Thread 0x000000001c5e0800 nmethod 540 0x0000000003249c10 code [0x0000000003249d80, 0x0000000003249ef8]
Event: 69.878 Thread 0x000000001c5de800 nmethod 543 0x0000000003249810 code [0x0000000003249960, 0x0000000003249ae8]
Event: 70.139 Thread 0x000000001c631800  547       3       sun.util.calendar.CalendarDate::setDayOfMonth (20 bytes)
Event: 70.139 Thread 0x000000001c631800 nmethod 547 0x00000000032494d0 code [0x0000000003249620, 0x00000000032497b0]
Event: 70.139 Thread 0x000000001c631800  548       3       sun.util.calendar.CalendarDate::setLeapYear (6 bytes)
Event: 70.140 Thread 0x000000001c631800 nmethod 548 0x00000000032491d0 code [0x0000000003249320, 0x0000000003249470]
Event: 70.140 Thread 0x000000001c5e0800  549       4       java.util.HashMap::putVal (300 bytes)
Event: 70.145 Thread 0x000000001c631800  550       3       java.lang.reflect.Constructor::getParameterTypes (11 bytes)
Event: 70.145 Thread 0x000000001c631800 nmethod 550 0x0000000003248c90 code [0x0000000003248e00, 0x0000000003249108]

GC Heap History (0 events):
No events

Deoptimization events (4 events):
Event: 22.629 Thread 0x0000000002f11000 Uncommon trap: reason=class_check action=maybe_recompile pc=0x00000000031eec6c method=java.util.HashMap.putVal(ILjava/lang/Object;Ljava/lang/Object;ZZ)Ljava/lang/Object; @ 253
Event: 22.629 Thread 0x0000000002f11000 Uncommon trap: reason=class_check action=maybe_recompile pc=0x00000000031eec6c method=java.util.HashMap.putVal(ILjava/lang/Object;Ljava/lang/Object;ZZ)Ljava/lang/Object; @ 253
Event: 22.629 Thread 0x0000000002f11000 Uncommon trap: reason=class_check action=maybe_recompile pc=0x00000000031eec6c method=java.util.HashMap.putVal(ILjava/lang/Object;Ljava/lang/Object;ZZ)Ljava/lang/Object; @ 253
Event: 22.629 Thread 0x0000000002f11000 Uncommon trap: reason=class_check action=maybe_recompile pc=0x00000000031eec6c method=java.util.HashMap.putVal(ILjava/lang/Object;Ljava/lang/Object;ZZ)Ljava/lang/Object; @ 253

Internal exceptions (10 events):
Event: 19.116 Thread 0x0000000002f11000 Exception <a 'java/security/PrivilegedActionException'> (0x000000076c08aab8) thrown at [C:\workspace\8-2-build-windows-amd64-cygwin\jdk8u31\2394\hotspot\src\share\vm\prims\jvm.cpp, line 1312]
Event: 19.117 Thread 0x0000000002f11000 Exception <a 'java/security/PrivilegedActionException'> (0x000000076c08e860) thrown at [C:\workspace\8-2-build-windows-amd64-cygwin\jdk8u31\2394\hotspot\src\share\vm\prims\jvm.cpp, line 1312]
Event: 20.819 Thread 0x0000000002f11000 Exception <a 'java/security/PrivilegedActionException'> (0x000000076c096b50) thrown at [C:\workspace\8-2-build-windows-amd64-cygwin\jdk8u31\2394\hotspot\src\share\vm\prims\jvm.cpp, line 1312]
Event: 20.823 Thread 0x0000000002f11000 Exception <a 'java/security/PrivilegedActionException'> (0x000000076c0acb78) thrown at [C:\workspace\8-2-build-windows-amd64-cygwin\jdk8u31\2394\hotspot\src\share\vm\prims\jvm.cpp, line 1312]
Event: 20.825 Thread 0x0000000002f11000 Exception <a 'java/security/PrivilegedActionException'> (0x000000076c0bb0c8) thrown at [C:\workspace\8-2-build-windows-amd64-cygwin\jdk8u31\2394\hotspot\src\share\vm\prims\jvm.cpp, line 1312]
Event: 20.833 Thread 0x0000000002f11000 Exception <a 'java/security/PrivilegedActionException'> (0x000000076c0eeee0) thrown at [C:\workspace\8-2-build-windows-amd64-cygwin\jdk8u31\2394\hotspot\src\share\vm\prims\jvm.cpp, line 1312]
Event: 22.016 Thread 0x0000000002f11000 Exception <a 'java/security/PrivilegedActionException'> (0x000000076c103b28) thrown at [C:\workspace\8-2-build-windows-amd64-cygwin\jdk8u31\2394\hotspot\src\share\vm\prims\jvm.cpp, line 1312]
Event: 22.522 Thread 0x0000000002f11000 Exception <a 'java/net/SocketTimeoutException': connect timed out> (0x000000076c110488) thrown at [C:\workspace\8-2-build-windows-amd64-cygwin\jdk8u31\2394\hotspot\src\share\vm\prims\jni.cpp, line 742]
Event: 69.135 Thread 0x0000000002f11000 Exception <a 'java/security/PrivilegedActionException'> (0x000000076c208ca0) thrown at [C:\workspace\8-2-build-windows-amd64-cygwin\jdk8u31\2394\hotspot\src\share\vm\prims\jvm.cpp, line 1312]
Event: 69.136 Thread 0x0000000002f11000 Exception <a 'java/security/PrivilegedActionException'> (0x000000076c20cff0) thrown at [C:\workspace\8-2-build-windows-amd64-cygwin\jdk8u31\2394\hotspot\src\share\vm\prims\jvm.cpp, line 1312]

Events (10 events):
Event: 69.873 loading class sun/security/provider/DSAPublicKey done
Event: 69.873 loading class sun/security/provider/DSAPublicKeyImpl done
Event: 70.139 loading class java/lang/UnsatisfiedLinkError
Event: 70.139 loading class java/lang/UnsatisfiedLinkError done
Event: 70.139 loading class sun/security/ec/SunEC$1
Event: 70.139 loading class sun/security/ec/SunEC$1 done
Event: 70.145 loading class sun/security/ec/SunECEntries
Event: 70.145 loading class sun/security/ec/SunECEntries done
Event: 70.146 loading class java/util/regex/Pattern$Single
Event: 70.147 loading class java/util/regex/Pattern$BmpCharProperty


Dynamic libraries:
0x00007ff7c6090000 - 0x00007ff7c60c4000 	C:\Program Files\Java\jdk1.8.0_31\jre\bin\java.exe
0x00007ffd81dd0000 - 0x00007ffd81fc5000 	C:\WINDOWS\SYSTEM32\ntdll.dll
0x00007ffd81110000 - 0x00007ffd811cd000 	C:\WINDOWS\System32\KERNEL32.DLL
0x00007ffd7fb40000 - 0x00007ffd7fe08000 	C:\WINDOWS\System32\KERNELBASE.dll
0x00007ffd80550000 - 0x00007ffd805fc000 	C:\WINDOWS\System32\ADVAPI32.dll
0x00007ffd81610000 - 0x00007ffd816ae000 	C:\WINDOWS\System32\msvcrt.dll
0x00007ffd81cf0000 - 0x00007ffd81d8b000 	C:\WINDOWS\System32\sechost.dll
0x00007ffd80200000 - 0x00007ffd8032b000 	C:\WINDOWS\System32\RPCRT4.dll
0x00007ffd80330000 - 0x00007ffd804d0000 	C:\WINDOWS\System32\USER32.dll
0x00007ffd7f510000 - 0x00007ffd7f532000 	C:\WINDOWS\System32\win32u.dll
0x00007ffd816c0000 - 0x00007ffd816ea000 	C:\WINDOWS\System32\GDI32.dll
0x00007ffd7f6e0000 - 0x00007ffd7f7eb000 	C:\WINDOWS\System32\gdi32full.dll
0x00007ffd7f590000 - 0x00007ffd7f62d000 	C:\WINDOWS\System32\msvcp_win.dll
0x00007ffd7f7f0000 - 0x00007ffd7f8f0000 	C:\WINDOWS\System32\ucrtbase.dll
0x00007ffd746d0000 - 0x00007ffd7496a000 	C:\WINDOWS\WinSxS\amd64_microsoft.windows.common-controls_6595b64144ccf1df_6.0.19041.1052_none_60b8f8fd71f5e8cb\COMCTL32.dll
0x00007ffd80800000 - 0x00007ffd80830000 	C:\WINDOWS\System32\IMM32.DLL
0x00000000694d0000 - 0x00000000695a2000 	C:\Program Files\Java\jdk1.8.0_31\jre\bin\msvcr100.dll
0x00000000695b0000 - 0x0000000069e0a000 	C:\Program Files\Java\jdk1.8.0_31\jre\bin\server\jvm.dll
0x00007ffd81100000 - 0x00007ffd81108000 	C:\WINDOWS\System32\PSAPI.DLL
0x00007ffd71e70000 - 0x00007ffd71e79000 	C:\WINDOWS\SYSTEM32\WSOCK32.dll
0x00007ffd81250000 - 0x00007ffd812bb000 	C:\WINDOWS\System32\WS2_32.dll
0x00007ffd765a0000 - 0x00007ffd765c7000 	C:\WINDOWS\SYSTEM32\WINMM.dll
0x0000000069480000 - 0x000000006948f000 	C:\Program Files\Java\jdk1.8.0_31\jre\bin\verify.dll
0x0000000069450000 - 0x0000000069478000 	C:\Program Files\Java\jdk1.8.0_31\jre\bin\java.dll
0x0000000069430000 - 0x0000000069446000 	C:\Program Files\Java\jdk1.8.0_31\jre\bin\zip.dll
0x00007ffd809c0000 - 0x00007ffd810ff000 	C:\WINDOWS\System32\SHELL32.dll
0x00007ffd7cb40000 - 0x00007ffd7d2d0000 	C:\WINDOWS\SYSTEM32\windows.storage.dll
0x00007ffd7fea0000 - 0x00007ffd801f5000 	C:\WINDOWS\System32\combase.dll
0x00007ffd7eeb0000 - 0x00007ffd7eedc000 	C:\WINDOWS\SYSTEM32\Wldp.dll
0x00007ffd81560000 - 0x00007ffd8160e000 	C:\WINDOWS\System32\SHCORE.dll
0x00007ffd804d0000 - 0x00007ffd80525000 	C:\WINDOWS\System32\shlwapi.dll
0x00007ffd7f450000 - 0x00007ffd7f46f000 	C:\WINDOWS\SYSTEM32\profapi.dll
0x000000006a930000 - 0x000000006a94a000 	C:\Program Files\Java\jdk1.8.0_31\jre\bin\net.dll
0x00007ffd7ec20000 - 0x00007ffd7ec8a000 	C:\WINDOWS\system32\mswsock.dll
0x00007ffd59600000 - 0x00007ffd59617000 	C:\WINDOWS\system32\napinsp.dll
0x00007ffd595e0000 - 0x00007ffd595fb000 	C:\WINDOWS\system32\pnrpnsp.dll
0x00007ffd78350000 - 0x00007ffd78365000 	C:\WINDOWS\system32\wshbth.dll
0x00007ffd79850000 - 0x00007ffd7986d000 	C:\WINDOWS\system32\NLAapi.dll
0x00007ffd7e910000 - 0x00007ffd7e94b000 	C:\WINDOWS\SYSTEM32\IPHLPAPI.DLL
0x00007ffd7e950000 - 0x00007ffd7ea1c000 	C:\WINDOWS\SYSTEM32\DNSAPI.dll
0x00007ffd816b0000 - 0x00007ffd816b8000 	C:\WINDOWS\System32\NSI.dll
0x00007ffd595c0000 - 0x00007ffd595d2000 	C:\WINDOWS\System32\winrnr.dll
0x00007ffd75e80000 - 0x00007ffd75e8a000 	C:\Windows\System32\rasadhlp.dll
0x00007ffd749f0000 - 0x00007ffd74a6f000 	C:\WINDOWS\System32\fwpuclnt.dll
0x00007ffd7fe10000 - 0x00007ffd7fe37000 	C:\WINDOWS\System32\bcrypt.dll
0x00007ffd7edf0000 - 0x00007ffd7ee08000 	C:\WINDOWS\SYSTEM32\CRYPTSP.dll
0x00007ffd7e5c0000 - 0x00007ffd7e5f4000 	C:\WINDOWS\system32\rsaenh.dll
0x00007ffd7f3d0000 - 0x00007ffd7f3fe000 	C:\WINDOWS\SYSTEM32\USERENV.dll
0x00007ffd7fa50000 - 0x00007ffd7fad3000 	C:\WINDOWS\System32\bcryptprimitives.dll
0x00007ffd7ee10000 - 0x00007ffd7ee1c000 	C:\WINDOWS\SYSTEM32\CRYPTBASE.dll
0x00007ffd760a0000 - 0x00007ffd760b7000 	C:\WINDOWS\SYSTEM32\dhcpcsvc6.DLL
0x00007ffd75d80000 - 0x00007ffd75d9d000 	C:\WINDOWS\SYSTEM32\dhcpcsvc.DLL
0x000000006a910000 - 0x000000006a921000 	C:\Program Files\Java\jdk1.8.0_31\jre\bin\nio.dll
0x000000006a650000 - 0x000000006a674000 	C:\Program Files\Java\jdk1.8.0_31\jre\bin\sunec.dll

VM Arguments:
java_command: C:\SYNTECH\SERVICIOS\TotalPlay\Desarrollos\APIEliminarSFDAdjuntos\dist\APIEliminarSFDAdjuntos.jar ticket servicedesk DeskService
java_class_path (initial): C:\SYNTECH\SERVICIOS\TotalPlay\Desarrollos\APIEliminarSFDAdjuntos\dist\APIEliminarSFDAdjuntos.jar
Launcher Type: SUN_STANDARD

Environment Variables:
PATH=C:\Program Files\SlickEdit Pro 25.0.1\win\;C:\Program Files (x86)\Common Files\Oracle\Java\javapath;C:\Program Files (x86)\VMware\VMware Workstation\bin\;C:\ProgramData\Oracle\Java\javapath;C:\WINDOWS\system32;C:\WINDOWS;C:\WINDOWS\System32\Wbem;C:\WINDOWS\System32\WindowsPowerShell\v1.0\;C:\WINDOWS\System32\OpenSSH\;C:\Program Files (x86)\Bitvise SSH Client;C:\Program Files\Intel\WiFi\bin\;C:\Program Files\Common Files\Intel\WirelessCommon\;C:\Program Files (x86)\dotnet\;C:\Program Files\dotnet\;C:\Windows\Microsoft.NET\Framework\v4.0.30319;C:\Program Files (x86)\SQL Anywhere 11\bin64;C:\Program Files (x86)\SQL Anywhere 11\bin32;C:\Program Files (x86)\Appeon\Shared\PowerBuilder;C:\Program Files (x86)\Appeon\PowerBuilder 12.0;C:\Windows\Microsoft.NET\Framework\v3.5;C:\Windows\Microsoft.NET\Framework\v2.0.50727;C:\Program Files\Git\cmd;C:\Users\dell\AppData\Local\Programs\Python\Python39\Scripts\;C:\Users\dell\AppData\Local\Programs\Python\Python39\;C:\Users\dell\AppData\Local\Microsoft\WindowsApps;
USERNAME=dell
OS=Windows_NT
PROCESSOR_IDENTIFIER=Intel64 Family 6 Model 61 Stepping 4, GenuineIntel



---------------  S Y S T E M  ---------------

OS: Windows 8.1 , 64 bit Build 9600 

CPU:total 4 (2 cores per cpu, 2 threads per core) family 6 model 61 stepping 4, cmov, cx8, fxsr, mmx, sse, sse2, sse3, ssse3, sse4.1, sse4.2, popcnt, avx, avx2, aes, clmul, erms, rtm, lzcnt, ht, tsc, tscinvbit, bmi1, bmi2

Memory: 4k page, physical 16661200k(241368k free), swap 66992848k(0k free)

vm_info: Java HotSpot(TM) 64-Bit Server VM (25.31-b07) for windows-amd64 JRE (1.8.0_31-b13), built on Dec 17 2014 21:00:28 by "java_re" with MS VC++ 10.0 (VS2010)

time: Thu Jun 10 13:18:56 2021
elapsed time: 70 seconds (0d 0h 1m 10s)

