#
# There is insufficient memory for the Java Runtime Environment to continue.
# Native memory allocation (malloc) failed to allocate 32784 bytes for Chunk::new
# Possible reasons:
#   The system is out of physical RAM or swap space
#   In 32 bit mode, the process size limit was hit
# Possible solutions:
#   Reduce memory load on the system
#   Increase physical memory or swap space
#   Check if swap backing store is full
#   Use 64 bit Java on a 64 bit OS
#   Decrease Java heap size (-Xmx/-Xms)
#   Decrease number of Java threads
#   Decrease Java thread stack sizes (-Xss)
#   Set larger code cache with -XX:ReservedCodeCacheSize=
# This output file may be truncated or incomplete.
#
#  Out of Memory Error (allocation.cpp:390), pid=24024, tid=26628
#
# JRE version: Java(TM) SE Runtime Environment (8.0_31-b13) (build 1.8.0_31-b13)
# Java VM: Java HotSpot(TM) 64-Bit Server VM (25.31-b07 mixed mode windows-amd64 compressed oops)
# Failed to write core dump. Minidumps are not enabled by default on client versions of Windows
#

---------------  T H R E A D  ---------------

Current thread (0x000000001c20f800):  JavaThread "C2 CompilerThread0" daemon [_thread_in_native, id=26628, stack(0x000000001d760000,0x000000001d860000)]

Stack: [0x000000001d760000,0x000000001d860000]
Native frames: (J=compiled Java code, j=interpreted, Vv=VM code, C=native code)
V  [jvm.dll+0x3169ba]


Current CompileTask:
C2:  17739  366       4       sun.security.provider.ByteArrayAccess::b2iBig64 (614 bytes)


---------------  P R O C E S S  ---------------

Java Threads: ( => current thread )
  0x000000001c265800 JavaThread "Service Thread" daemon [_thread_blocked, id=26748, stack(0x000000001da60000,0x000000001db60000)]
  0x000000001c261800 JavaThread "C1 CompilerThread2" daemon [_thread_blocked, id=26724, stack(0x000000001d960000,0x000000001da60000)]
  0x000000001c211000 JavaThread "C2 CompilerThread1" daemon [_thread_blocked, id=26656, stack(0x000000001d860000,0x000000001d960000)]
=>0x000000001c20f800 JavaThread "C2 CompilerThread0" daemon [_thread_in_native, id=26628, stack(0x000000001d760000,0x000000001d860000)]
  0x000000001c20d800 JavaThread "Attach Listener" daemon [_thread_blocked, id=10988, stack(0x000000001d660000,0x000000001d760000)]
  0x000000001c20d000 JavaThread "Signal Dispatcher" daemon [_thread_blocked, id=26608, stack(0x000000001d560000,0x000000001d660000)]
  0x0000000002c32000 JavaThread "Finalizer" daemon [_thread_blocked, id=26580, stack(0x000000001d460000,0x000000001d560000)]
  0x0000000002c2f800 JavaThread "Reference Handler" daemon [_thread_blocked, id=26576, stack(0x000000001d360000,0x000000001d460000)]
  0x0000000002b41000 JavaThread "main" [_thread_in_native, id=25896, stack(0x0000000002930000,0x0000000002a30000)]

Other Threads:
  0x000000001c1d6800 VMThread [stack: 0x000000001d260000,0x000000001d360000] [id=26388]
  0x000000001c26c000 WatcherThread [stack: 0x000000001db60000,0x000000001dc60000] [id=26752]

VM state:not at safepoint (normal execution)

VM Mutex/Monitor currently owned by a thread: None

Heap:
 PSYoungGen      total 76288K, used 9240K [0x000000076b400000, 0x0000000770900000, 0x00000007c0000000)
  eden space 65536K, 14% used [0x000000076b400000,0x000000076bd062e0,0x000000076f400000)
  from space 10752K, 0% used [0x000000076fe80000,0x000000076fe80000,0x0000000770900000)
  to   space 10752K, 0% used [0x000000076f400000,0x000000076f400000,0x000000076fe80000)
 ParOldGen       total 175104K, used 0K [0x00000006c1c00000, 0x00000006cc700000, 0x000000076b400000)
  object space 175104K, 0% used [0x00000006c1c00000,0x00000006c1c00000,0x00000006cc700000)
 Metaspace       used 6213K, capacity 6348K, committed 6656K, reserved 1056768K
  class space    used 671K, capacity 692K, committed 768K, reserved 1048576K

Card table byte_map: [0x0000000012000000,0x0000000012800000] byte_map_base: 0x000000000e9f2000

Marking Bits: (ParMarkBitMap*) 0x0000000069d8d4f0
 Begin Bits: [0x0000000013150000, 0x00000000170e0000)
 End Bits:   [0x00000000170e0000, 0x000000001b070000)

Polling page: 0x0000000000fc0000

CodeCache: size=245760Kb used=1851Kb max_used=1860Kb free=243908Kb
 bounds [0x0000000002c40000, 0x0000000002eb0000, 0x0000000011c40000]
 total_blobs=653 nmethods=365 adapters=202
 compilation: enabled

Compilation events (10 events):
Event: 16.205 Thread 0x000000001c211000 nmethod 356 0x0000000002e0f050 code [0x0000000002e0f1a0, 0x0000000002e0f418]
Event: 16.207 Thread 0x000000001c20f800  361       4       java.lang.CharacterDataLatin1::toUpperCaseEx (71 bytes)
Event: 16.207 Thread 0x000000001c20f800 nmethod 361 0x0000000002df8950 code [0x0000000002df8a80, 0x0000000002df8b58]
Event: 16.208 Thread 0x000000001c211000  362       4       java.util.HashMap::hash (20 bytes)
Event: 16.208 Thread 0x000000001c261800  363       1       java.lang.StringCoding::scale (7 bytes)
Event: 16.209 Thread 0x000000001c261800 nmethod 363 0x0000000002e07e10 code [0x0000000002e07f60, 0x0000000002e08070]
Event: 16.209 Thread 0x000000001c211000 nmethod 362 0x0000000002e0ed90 code [0x0000000002e0eee0, 0x0000000002e0ef98]
Event: 16.224 Thread 0x000000001c261800  364       3       java.security.Provider::checkInitialized (16 bytes)
Event: 16.224 Thread 0x000000001c261800 nmethod 364 0x0000000002e0e910 code [0x0000000002e0ea80, 0x0000000002e0ecc8]
Event: 17.735 Thread 0x000000001c20f800  366       4       sun.security.provider.ByteArrayAccess::b2iBig64 (614 bytes)

GC Heap History (0 events):
No events

Deoptimization events (0 events):
No events

Internal exceptions (10 events):
Event: 8.530 Thread 0x0000000002b41000 Exception <a 'java/security/PrivilegedActionException'> (0x000000076b9a1a40) thrown at [C:\workspace\8-2-build-windows-amd64-cygwin\jdk8u31\2394\hotspot\src\share\vm\prims\jvm.cpp, line 1312]
Event: 8.531 Thread 0x0000000002b41000 Exception <a 'java/security/PrivilegedActionException'> (0x000000076b9a4e50) thrown at [C:\workspace\8-2-build-windows-amd64-cygwin\jdk8u31\2394\hotspot\src\share\vm\prims\jvm.cpp, line 1312]
Event: 16.212 Thread 0x0000000002b41000 Exception <a 'java/security/PrivilegedActionException'> (0x000000076bc2f9b0) thrown at [C:\workspace\8-2-build-windows-amd64-cygwin\jdk8u31\2394\hotspot\src\share\vm\prims\jvm.cpp, line 1312]
Event: 16.218 Thread 0x0000000002b41000 Exception <a 'java/security/PrivilegedActionException'> (0x000000076bc93f20) thrown at [C:\workspace\8-2-build-windows-amd64-cygwin\jdk8u31\2394\hotspot\src\share\vm\prims\jvm.cpp, line 1312]
Event: 16.220 Thread 0x0000000002b41000 Exception <a 'java/security/PrivilegedActionException'> (0x000000076bc984e8) thrown at [C:\workspace\8-2-build-windows-amd64-cygwin\jdk8u31\2394\hotspot\src\share\vm\prims\jvm.cpp, line 1312]
Event: 16.221 Thread 0x0000000002b41000 Exception <a 'java/security/PrivilegedActionException'> (0x000000076bc9c288) thrown at [C:\workspace\8-2-build-windows-amd64-cygwin\jdk8u31\2394\hotspot\src\share\vm\prims\jvm.cpp, line 1312]
Event: 16.222 Thread 0x0000000002b41000 Exception <a 'java/security/PrivilegedActionException'> (0x000000076bc9f370) thrown at [C:\workspace\8-2-build-windows-amd64-cygwin\jdk8u31\2394\hotspot\src\share\vm\prims\jvm.cpp, line 1312]
Event: 16.223 Thread 0x0000000002b41000 Exception <a 'java/security/PrivilegedActionException'> (0x000000076bca9f88) thrown at [C:\workspace\8-2-build-windows-amd64-cygwin\jdk8u31\2394\hotspot\src\share\vm\prims\jvm.cpp, line 1312]
Event: 16.250 Thread 0x0000000002b41000 Exception <a 'java/security/PrivilegedActionException'> (0x000000076bcbeb88) thrown at [C:\workspace\8-2-build-windows-amd64-cygwin\jdk8u31\2394\hotspot\src\share\vm\prims\jvm.cpp, line 1312]
Event: 17.734 Thread 0x0000000002b41000 Exception <a 'java/security/PrivilegedActionException'> (0x000000076bcd0cf0) thrown at [C:\workspace\8-2-build-windows-amd64-cygwin\jdk8u31\2394\hotspot\src\share\vm\prims\jvm.cpp, line 1312]

Events (10 events):
Event: 17.733 loading class sun/reflect/UnsafeQualifiedStaticObjectFieldAccessorImpl
Event: 17.733 loading class sun/reflect/UnsafeQualifiedStaticFieldAccessorImpl
Event: 17.733 loading class sun/reflect/UnsafeQualifiedStaticFieldAccessorImpl done
Event: 17.733 loading class sun/reflect/UnsafeQualifiedStaticObjectFieldAccessorImpl done
Event: 17.733 loading class java/util/logging/LogManager$RootLogger
Event: 17.733 loading class java/util/logging/LogManager$RootLogger done
Event: 17.734 loading class java/util/logging/LogManager$5
Event: 17.734 loading class java/util/logging/LogManager$5 done
Event: 17.734 loading class com/microsoft/sqlserver/jdbc/SQLServerResource
Event: 17.734 loading class com/microsoft/sqlserver/jdbc/SQLServerResource done


Dynamic libraries:
0x00007ff7c6090000 - 0x00007ff7c60c4000 	C:\Program Files\Java\jdk1.8.0_31\jre\bin\java.exe
0x00007ffd81dd0000 - 0x00007ffd81fc5000 	C:\WINDOWS\SYSTEM32\ntdll.dll
0x00007ffd81110000 - 0x00007ffd811cd000 	C:\WINDOWS\System32\KERNEL32.DLL
0x00007ffd7fb40000 - 0x00007ffd7fe08000 	C:\WINDOWS\System32\KERNELBASE.dll
0x00007ffd80550000 - 0x00007ffd805fc000 	C:\WINDOWS\System32\ADVAPI32.dll
0x00007ffd81610000 - 0x00007ffd816ae000 	C:\WINDOWS\System32\msvcrt.dll
0x00007ffd81cf0000 - 0x00007ffd81d8b000 	C:\WINDOWS\System32\sechost.dll
0x00007ffd80200000 - 0x00007ffd8032b000 	C:\WINDOWS\System32\RPCRT4.dll
0x00007ffd80330000 - 0x00007ffd804d0000 	C:\WINDOWS\System32\USER32.dll
0x00007ffd7f510000 - 0x00007ffd7f532000 	C:\WINDOWS\System32\win32u.dll
0x00007ffd816c0000 - 0x00007ffd816ea000 	C:\WINDOWS\System32\GDI32.dll
0x00007ffd7f6e0000 - 0x00007ffd7f7eb000 	C:\WINDOWS\System32\gdi32full.dll
0x00007ffd7f590000 - 0x00007ffd7f62d000 	C:\WINDOWS\System32\msvcp_win.dll
0x00007ffd7f7f0000 - 0x00007ffd7f8f0000 	C:\WINDOWS\System32\ucrtbase.dll
0x00007ffd746d0000 - 0x00007ffd7496a000 	C:\WINDOWS\WinSxS\amd64_microsoft.windows.common-controls_6595b64144ccf1df_6.0.19041.1052_none_60b8f8fd71f5e8cb\COMCTL32.dll
0x00007ffd80800000 - 0x00007ffd80830000 	C:\WINDOWS\System32\IMM32.DLL
0x00000000694d0000 - 0x00000000695a2000 	C:\Program Files\Java\jdk1.8.0_31\jre\bin\msvcr100.dll
0x00000000695b0000 - 0x0000000069e0a000 	C:\Program Files\Java\jdk1.8.0_31\jre\bin\server\jvm.dll
0x00007ffd81100000 - 0x00007ffd81108000 	C:\WINDOWS\System32\PSAPI.DLL
0x00007ffd71e70000 - 0x00007ffd71e79000 	C:\WINDOWS\SYSTEM32\WSOCK32.dll
0x00007ffd81250000 - 0x00007ffd812bb000 	C:\WINDOWS\System32\WS2_32.dll
0x00007ffd765a0000 - 0x00007ffd765c7000 	C:\WINDOWS\SYSTEM32\WINMM.dll
0x0000000069480000 - 0x000000006948f000 	C:\Program Files\Java\jdk1.8.0_31\jre\bin\verify.dll
0x0000000069450000 - 0x0000000069478000 	C:\Program Files\Java\jdk1.8.0_31\jre\bin\java.dll
0x0000000069430000 - 0x0000000069446000 	C:\Program Files\Java\jdk1.8.0_31\jre\bin\zip.dll
0x00007ffd809c0000 - 0x00007ffd810ff000 	C:\WINDOWS\System32\SHELL32.dll
0x00007ffd7cb40000 - 0x00007ffd7d2d0000 	C:\WINDOWS\SYSTEM32\windows.storage.dll
0x00007ffd7fea0000 - 0x00007ffd801f5000 	C:\WINDOWS\System32\combase.dll
0x00007ffd7eeb0000 - 0x00007ffd7eedc000 	C:\WINDOWS\SYSTEM32\Wldp.dll
0x00007ffd81560000 - 0x00007ffd8160e000 	C:\WINDOWS\System32\SHCORE.dll
0x00007ffd804d0000 - 0x00007ffd80525000 	C:\WINDOWS\System32\shlwapi.dll
0x00007ffd7f450000 - 0x00007ffd7f46f000 	C:\WINDOWS\SYSTEM32\profapi.dll

VM Arguments:
java_command: C:\SYNTECH\SERVICIOS\TotalPlay\Desarrollos\APIEliminarSFDAdjuntos\dist\APIEliminarSFDAdjuntos.jar ticket servicedesk DeskService
java_class_path (initial): C:\SYNTECH\SERVICIOS\TotalPlay\Desarrollos\APIEliminarSFDAdjuntos\dist\APIEliminarSFDAdjuntos.jar
Launcher Type: SUN_STANDARD

Environment Variables:
PATH=C:\Program Files\SlickEdit Pro 25.0.1\win\;C:\Program Files (x86)\Common Files\Oracle\Java\javapath;C:\Program Files (x86)\VMware\VMware Workstation\bin\;C:\ProgramData\Oracle\Java\javapath;C:\WINDOWS\system32;C:\WINDOWS;C:\WINDOWS\System32\Wbem;C:\WINDOWS\System32\WindowsPowerShell\v1.0\;C:\WINDOWS\System32\OpenSSH\;C:\Program Files (x86)\Bitvise SSH Client;C:\Program Files\Intel\WiFi\bin\;C:\Program Files\Common Files\Intel\WirelessCommon\;C:\Program Files (x86)\dotnet\;C:\Program Files\dotnet\;C:\Windows\Microsoft.NET\Framework\v4.0.30319;C:\Program Files (x86)\SQL Anywhere 11\bin64;C:\Program Files (x86)\SQL Anywhere 11\bin32;C:\Program Files (x86)\Appeon\Shared\PowerBuilder;C:\Program Files (x86)\Appeon\PowerBuilder 12.0;C:\Windows\Microsoft.NET\Framework\v3.5;C:\Windows\Microsoft.NET\Framework\v2.0.50727;C:\Program Files\Git\cmd;C:\Users\dell\AppData\Local\Programs\Python\Python39\Scripts\;C:\Users\dell\AppData\Local\Programs\Python\Python39\;C:\Users\dell\AppData\Local\Microsoft\WindowsApps;
USERNAME=dell
OS=Windows_NT
PROCESSOR_IDENTIFIER=Intel64 Family 6 Model 61 Stepping 4, GenuineIntel



---------------  S Y S T E M  ---------------

OS: Windows 8.1 , 64 bit Build 9600 

CPU:total 4 (2 cores per cpu, 2 threads per core) family 6 model 61 stepping 4, cmov, cx8, fxsr, mmx, sse, sse2, sse3, ssse3, sse4.1, sse4.2, popcnt, avx, avx2, aes, clmul, erms, rtm, lzcnt, ht, tsc, tscinvbit, bmi1, bmi2

Memory: 4k page, physical 16661200k(205996k free), swap 66992848k(556k free)

vm_info: Java HotSpot(TM) 64-Bit Server VM (25.31-b07) for windows-amd64 JRE (1.8.0_31-b13), built on Dec 17 2014 21:00:28 by "java_re" with MS VC++ 10.0 (VS2010)

time: Thu Jun 10 13:18:57 2021
elapsed time: 17 seconds (0d 0h 0m 17s)

