#
# There is insufficient memory for the Java Runtime Environment to continue.
# Native memory allocation (malloc) failed to allocate 48976 bytes for Chunk::new
# Possible reasons:
#   The system is out of physical RAM or swap space
#   In 32 bit mode, the process size limit was hit
# Possible solutions:
#   Reduce memory load on the system
#   Increase physical memory or swap space
#   Check if swap backing store is full
#   Use 64 bit Java on a 64 bit OS
#   Decrease Java heap size (-Xmx/-Xms)
#   Decrease number of Java threads
#   Decrease Java thread stack sizes (-Xss)
#   Set larger code cache with -XX:ReservedCodeCacheSize=
# This output file may be truncated or incomplete.
#
#  Out of Memory Error (allocation.cpp:390), pid=24840, tid=25676
#
# JRE version: Java(TM) SE Runtime Environment (8.0_31-b13) (build 1.8.0_31-b13)
# Java VM: Java HotSpot(TM) 64-Bit Server VM (25.31-b07 mixed mode windows-amd64 compressed oops)
# Failed to write core dump. Minidumps are not enabled by default on client versions of Windows
#

---------------  T H R E A D  ---------------

Current thread (0x000000001bddf000):  JavaThread "C2 CompilerThread0" daemon [_thread_in_native, id=25676, stack(0x000000001d330000,0x000000001d430000)]

Stack: [0x000000001d330000,0x000000001d430000]
Native frames: (J=compiled Java code, j=interpreted, Vv=VM code, C=native code)
V  [jvm.dll+0x3169ba]


Current CompileTask:
C2:  22052  369       4       sun.security.provider.ByteArrayAccess::b2iBig64 (614 bytes)


---------------  P R O C E S S  ---------------

Java Threads: ( => current thread )
  0x000000001be3e000 JavaThread "Service Thread" daemon [_thread_blocked, id=25864, stack(0x000000001da30000,0x000000001db30000)]
  0x000000001be31800 JavaThread "C1 CompilerThread2" daemon [_thread_blocked, id=25732, stack(0x000000001d530000,0x000000001d630000)]
  0x000000001bde1000 JavaThread "C2 CompilerThread1" daemon [_thread_blocked, id=25716, stack(0x000000001d430000,0x000000001d530000)]
=>0x000000001bddf000 JavaThread "C2 CompilerThread0" daemon [_thread_in_native, id=25676, stack(0x000000001d330000,0x000000001d430000)]
  0x000000001bddd800 JavaThread "Attach Listener" daemon [_thread_blocked, id=25672, stack(0x000000001d230000,0x000000001d330000)]
  0x000000001bddc000 JavaThread "Signal Dispatcher" daemon [_thread_blocked, id=25668, stack(0x000000001d130000,0x000000001d230000)]
  0x0000000002801000 JavaThread "Finalizer" daemon [_thread_blocked, id=25072, stack(0x000000001d030000,0x000000001d130000)]
  0x00000000027fe800 JavaThread "Reference Handler" daemon [_thread_blocked, id=24652, stack(0x000000001cf30000,0x000000001d030000)]
  0x0000000002711000 JavaThread "main" [_thread_in_Java, id=25136, stack(0x0000000002510000,0x0000000002610000)]

Other Threads:
  0x000000001bda6800 VMThread [stack: 0x000000001ce30000,0x000000001cf30000] [id=25596]
  0x000000001d633800 WatcherThread [stack: 0x000000001db30000,0x000000001dc30000] [id=25868]

VM state:not at safepoint (normal execution)

VM Mutex/Monitor currently owned by a thread: None

Heap:
 PSYoungGen      total 76288K, used 9240K [0x000000076b400000, 0x0000000770900000, 0x00000007c0000000)
  eden space 65536K, 14% used [0x000000076b400000,0x000000076bd062e0,0x000000076f400000)
  from space 10752K, 0% used [0x000000076fe80000,0x000000076fe80000,0x0000000770900000)
  to   space 10752K, 0% used [0x000000076f400000,0x000000076f400000,0x000000076fe80000)
 ParOldGen       total 175104K, used 0K [0x00000006c1c00000, 0x00000006cc700000, 0x000000076b400000)
  object space 175104K, 0% used [0x00000006c1c00000,0x00000006c1c00000,0x00000006cc700000)
 Metaspace       used 6214K, capacity 6352K, committed 6656K, reserved 1056768K
  class space    used 671K, capacity 692K, committed 768K, reserved 1048576K

Card table byte_map: [0x0000000011bd0000,0x00000000123d0000] byte_map_base: 0x000000000e5c2000

Marking Bits: (ParMarkBitMap*) 0x0000000069d8d4f0
 Begin Bits: [0x0000000012d20000, 0x0000000016cb0000)
 End Bits:   [0x0000000016cb0000, 0x000000001ac40000)

Polling page: 0x0000000002440000

CodeCache: size=245760Kb used=1865Kb max_used=1883Kb free=243895Kb
 bounds [0x0000000002810000, 0x0000000002a80000, 0x0000000011810000]
 total_blobs=656 nmethods=368 adapters=202
 compilation: enabled

Compilation events (10 events):
Event: 21.086 Thread 0x000000001be31800 nmethod 364 0x00000000029e1cd0 code [0x00000000029e1e40, 0x00000000029e2128]
Event: 21.087 Thread 0x000000001be31800  366       1       java.lang.StringCoding::scale (7 bytes)
Event: 21.087 Thread 0x000000001be31800 nmethod 366 0x00000000029d4410 code [0x00000000029d4560, 0x00000000029d4670]
Event: 21.088 Thread 0x000000001bde1000 nmethod 361 0x00000000029e1750 code [0x00000000029e18a0, 0x00000000029e1b18]
Event: 21.088 Thread 0x000000001bde1000  365       4       java.lang.CharacterDataLatin1::toUpperCaseEx (71 bytes)
Event: 21.088 Thread 0x000000001bddf000 nmethod 350 0x00000000029e0d90 code [0x00000000029e0ee0, 0x00000000029e15e8]
Event: 21.089 Thread 0x000000001bde1000 nmethod 365 0x00000000029e0ad0 code [0x00000000029e0c00, 0x00000000029e0cd8]
Event: 21.115 Thread 0x000000001be31800  367       3       java.security.Provider::checkInitialized (16 bytes)
Event: 21.115 Thread 0x000000001be31800 nmethod 367 0x00000000029e8390 code [0x00000000029e8500, 0x00000000029e8748]
Event: 22.047 Thread 0x000000001bddf000  369       4       sun.security.provider.ByteArrayAccess::b2iBig64 (614 bytes)

GC Heap History (0 events):
No events

Deoptimization events (0 events):
No events

Internal exceptions (10 events):
Event: 12.664 Thread 0x0000000002711000 Exception <a 'java/security/PrivilegedActionException'> (0x000000076b9a1a68) thrown at [C:\workspace\8-2-build-windows-amd64-cygwin\jdk8u31\2394\hotspot\src\share\vm\prims\jvm.cpp, line 1312]
Event: 12.667 Thread 0x0000000002711000 Exception <a 'java/security/PrivilegedActionException'> (0x000000076b9a4e78) thrown at [C:\workspace\8-2-build-windows-amd64-cygwin\jdk8u31\2394\hotspot\src\share\vm\prims\jvm.cpp, line 1312]
Event: 21.091 Thread 0x0000000002711000 Exception <a 'java/security/PrivilegedActionException'> (0x000000076bc2f928) thrown at [C:\workspace\8-2-build-windows-amd64-cygwin\jdk8u31\2394\hotspot\src\share\vm\prims\jvm.cpp, line 1312]
Event: 21.098 Thread 0x0000000002711000 Exception <a 'java/security/PrivilegedActionException'> (0x000000076bc93e98) thrown at [C:\workspace\8-2-build-windows-amd64-cygwin\jdk8u31\2394\hotspot\src\share\vm\prims\jvm.cpp, line 1312]
Event: 21.101 Thread 0x0000000002711000 Exception <a 'java/security/PrivilegedActionException'> (0x000000076bc98460) thrown at [C:\workspace\8-2-build-windows-amd64-cygwin\jdk8u31\2394\hotspot\src\share\vm\prims\jvm.cpp, line 1312]
Event: 21.108 Thread 0x0000000002711000 Exception <a 'java/security/PrivilegedActionException'> (0x000000076bc9c200) thrown at [C:\workspace\8-2-build-windows-amd64-cygwin\jdk8u31\2394\hotspot\src\share\vm\prims\jvm.cpp, line 1312]
Event: 21.109 Thread 0x0000000002711000 Exception <a 'java/security/PrivilegedActionException'> (0x000000076bc9f2e8) thrown at [C:\workspace\8-2-build-windows-amd64-cygwin\jdk8u31\2394\hotspot\src\share\vm\prims\jvm.cpp, line 1312]
Event: 21.114 Thread 0x0000000002711000 Exception <a 'java/security/PrivilegedActionException'> (0x000000076bca9f00) thrown at [C:\workspace\8-2-build-windows-amd64-cygwin\jdk8u31\2394\hotspot\src\share\vm\prims\jvm.cpp, line 1312]
Event: 21.118 Thread 0x0000000002711000 Exception <a 'java/security/PrivilegedActionException'> (0x000000076bcbeb00) thrown at [C:\workspace\8-2-build-windows-amd64-cygwin\jdk8u31\2394\hotspot\src\share\vm\prims\jvm.cpp, line 1312]
Event: 22.046 Thread 0x0000000002711000 Exception <a 'java/security/PrivilegedActionException'> (0x000000076bcd0c68) thrown at [C:\workspace\8-2-build-windows-amd64-cygwin\jdk8u31\2394\hotspot\src\share\vm\prims\jvm.cpp, line 1312]

Events (10 events):
Event: 22.045 loading class sun/reflect/UnsafeQualifiedStaticObjectFieldAccessorImpl
Event: 22.045 loading class sun/reflect/UnsafeQualifiedStaticFieldAccessorImpl
Event: 22.045 loading class sun/reflect/UnsafeQualifiedStaticFieldAccessorImpl done
Event: 22.045 loading class sun/reflect/UnsafeQualifiedStaticObjectFieldAccessorImpl done
Event: 22.045 loading class java/util/logging/LogManager$RootLogger
Event: 22.045 loading class java/util/logging/LogManager$RootLogger done
Event: 22.045 loading class java/util/logging/LogManager$5
Event: 22.045 loading class java/util/logging/LogManager$5 done
Event: 22.046 loading class com/microsoft/sqlserver/jdbc/SQLServerResource
Event: 22.046 loading class com/microsoft/sqlserver/jdbc/SQLServerResource done


Dynamic libraries:
0x00007ff7c6090000 - 0x00007ff7c60c4000 	C:\Program Files\Java\jdk1.8.0_31\jre\bin\java.exe
0x00007ffd81dd0000 - 0x00007ffd81fc5000 	C:\WINDOWS\SYSTEM32\ntdll.dll
0x00007ffd81110000 - 0x00007ffd811cd000 	C:\WINDOWS\System32\KERNEL32.DLL
0x00007ffd7fb40000 - 0x00007ffd7fe08000 	C:\WINDOWS\System32\KERNELBASE.dll
0x00007ffd80550000 - 0x00007ffd805fc000 	C:\WINDOWS\System32\ADVAPI32.dll
0x00007ffd81610000 - 0x00007ffd816ae000 	C:\WINDOWS\System32\msvcrt.dll
0x00007ffd81cf0000 - 0x00007ffd81d8b000 	C:\WINDOWS\System32\sechost.dll
0x00007ffd80200000 - 0x00007ffd8032b000 	C:\WINDOWS\System32\RPCRT4.dll
0x00007ffd80330000 - 0x00007ffd804d0000 	C:\WINDOWS\System32\USER32.dll
0x00007ffd7f510000 - 0x00007ffd7f532000 	C:\WINDOWS\System32\win32u.dll
0x00007ffd816c0000 - 0x00007ffd816ea000 	C:\WINDOWS\System32\GDI32.dll
0x00007ffd7f6e0000 - 0x00007ffd7f7eb000 	C:\WINDOWS\System32\gdi32full.dll
0x00007ffd7f590000 - 0x00007ffd7f62d000 	C:\WINDOWS\System32\msvcp_win.dll
0x00007ffd7f7f0000 - 0x00007ffd7f8f0000 	C:\WINDOWS\System32\ucrtbase.dll
0x00007ffd746d0000 - 0x00007ffd7496a000 	C:\WINDOWS\WinSxS\amd64_microsoft.windows.common-controls_6595b64144ccf1df_6.0.19041.1052_none_60b8f8fd71f5e8cb\COMCTL32.dll
0x00007ffd80800000 - 0x00007ffd80830000 	C:\WINDOWS\System32\IMM32.DLL
0x00000000694d0000 - 0x00000000695a2000 	C:\Program Files\Java\jdk1.8.0_31\jre\bin\msvcr100.dll
0x00000000695b0000 - 0x0000000069e0a000 	C:\Program Files\Java\jdk1.8.0_31\jre\bin\server\jvm.dll
0x00007ffd81100000 - 0x00007ffd81108000 	C:\WINDOWS\System32\PSAPI.DLL
0x00007ffd71e70000 - 0x00007ffd71e79000 	C:\WINDOWS\SYSTEM32\WSOCK32.dll
0x00007ffd81250000 - 0x00007ffd812bb000 	C:\WINDOWS\System32\WS2_32.dll
0x00007ffd765a0000 - 0x00007ffd765c7000 	C:\WINDOWS\SYSTEM32\WINMM.dll
0x0000000069480000 - 0x000000006948f000 	C:\Program Files\Java\jdk1.8.0_31\jre\bin\verify.dll
0x0000000069450000 - 0x0000000069478000 	C:\Program Files\Java\jdk1.8.0_31\jre\bin\java.dll
0x0000000069430000 - 0x0000000069446000 	C:\Program Files\Java\jdk1.8.0_31\jre\bin\zip.dll
0x00007ffd809c0000 - 0x00007ffd810ff000 	C:\WINDOWS\System32\SHELL32.dll
0x00007ffd7cb40000 - 0x00007ffd7d2d0000 	C:\WINDOWS\SYSTEM32\windows.storage.dll
0x00007ffd7fea0000 - 0x00007ffd801f5000 	C:\WINDOWS\System32\combase.dll
0x00007ffd7eeb0000 - 0x00007ffd7eedc000 	C:\WINDOWS\SYSTEM32\Wldp.dll
0x00007ffd81560000 - 0x00007ffd8160e000 	C:\WINDOWS\System32\SHCORE.dll
0x00007ffd804d0000 - 0x00007ffd80525000 	C:\WINDOWS\System32\shlwapi.dll
0x00007ffd7f450000 - 0x00007ffd7f46f000 	C:\WINDOWS\SYSTEM32\profapi.dll

VM Arguments:
java_command: C:\SYNTECH\SERVICIOS\TotalPlay\Desarrollos\APIEliminarSFDAdjuntos\dist\APIEliminarSFDAdjuntos.jar ticket servicedesk DeskService
java_class_path (initial): C:\SYNTECH\SERVICIOS\TotalPlay\Desarrollos\APIEliminarSFDAdjuntos\dist\APIEliminarSFDAdjuntos.jar
Launcher Type: SUN_STANDARD

Environment Variables:
PATH=C:\Program Files\SlickEdit Pro 25.0.1\win\;C:\Program Files (x86)\Common Files\Oracle\Java\javapath;C:\Program Files (x86)\VMware\VMware Workstation\bin\;C:\ProgramData\Oracle\Java\javapath;C:\WINDOWS\system32;C:\WINDOWS;C:\WINDOWS\System32\Wbem;C:\WINDOWS\System32\WindowsPowerShell\v1.0\;C:\WINDOWS\System32\OpenSSH\;C:\Program Files (x86)\Bitvise SSH Client;C:\Program Files\Intel\WiFi\bin\;C:\Program Files\Common Files\Intel\WirelessCommon\;C:\Program Files (x86)\dotnet\;C:\Program Files\dotnet\;C:\Windows\Microsoft.NET\Framework\v4.0.30319;C:\Program Files (x86)\SQL Anywhere 11\bin64;C:\Program Files (x86)\SQL Anywhere 11\bin32;C:\Program Files (x86)\Appeon\Shared\PowerBuilder;C:\Program Files (x86)\Appeon\PowerBuilder 12.0;C:\Windows\Microsoft.NET\Framework\v3.5;C:\Windows\Microsoft.NET\Framework\v2.0.50727;C:\Program Files\Git\cmd;C:\Users\dell\AppData\Local\Programs\Python\Python39\Scripts\;C:\Users\dell\AppData\Local\Programs\Python\Python39\;C:\Users\dell\AppData\Local\Microsoft\WindowsApps;
USERNAME=dell
OS=Windows_NT
PROCESSOR_IDENTIFIER=Intel64 Family 6 Model 61 Stepping 4, GenuineIntel



---------------  S Y S T E M  ---------------

OS: Windows 8.1 , 64 bit Build 9600 

CPU:total 4 (2 cores per cpu, 2 threads per core) family 6 model 61 stepping 4, cmov, cx8, fxsr, mmx, sse, sse2, sse3, ssse3, sse4.1, sse4.2, popcnt, avx, avx2, aes, clmul, erms, rtm, lzcnt, ht, tsc, tscinvbit, bmi1, bmi2

Memory: 4k page, physical 16661200k(205996k free), swap 66992848k(556k free)

vm_info: Java HotSpot(TM) 64-Bit Server VM (25.31-b07) for windows-amd64 JRE (1.8.0_31-b13), built on Dec 17 2014 21:00:28 by "java_re" with MS VC++ 10.0 (VS2010)

time: Thu Jun 10 13:18:57 2021
elapsed time: 22 seconds (0d 0h 0m 22s)

