#
# A fatal error has been detected by the Java Runtime Environment:
#
#  Internal Error (javaCalls.cpp:51), pid=16668, tid=18944
#  guarantee(thread->is_Java_thread()) failed: crucial check - the VM thread cannot and must not escape to Java code
#
# JRE version: Java(TM) SE Runtime Environment (8.0_31-b13) (build 1.8.0_31-b13)
# Java VM: Java HotSpot(TM) 64-Bit Server VM (25.31-b07 mixed mode windows-amd64 compressed oops)
# Failed to write core dump. Minidumps are not enabled by default on client versions of Windows
#
# If you would like to submit a bug report, please visit:
#   http://bugreport.java.com/bugreport/crash.jsp
#

---------------  T H R E A D  ---------------

Current thread (0x00000000023f6800):  GCTaskThread [stack: 0x00000000125f0000,0x00000000126f0000] [id=18944]

Stack: [0x00000000125f0000,0x00000000126f0000]
Native frames: (J=compiled Java code, j=interpreted, Vv=VM code, C=native code)
V  [jvm.dll+0x3169ba]
V  [jvm.dll+0x2674c3]
V  [jvm.dll+0x268103]
V  [jvm.dll+0x25f807]
V  [jvm.dll+0x1fb6f8]
V  [jvm.dll+0x1fc09f]
V  [jvm.dll+0x316822]
V  [jvm.dll+0x1fcaf1]
V  [jvm.dll+0x26062d]
V  [jvm.dll+0x2606c1]
V  [jvm.dll+0x260915]
V  [jvm.dll+0x260969]
V  [jvm.dll+0xedcec]
V  [jvm.dll+0xedd3d]
V  [jvm.dll+0xf0caf]
V  [jvm.dll+0xf342d]
V  [jvm.dll+0xf36c2]
V  [jvm.dll+0xb5f8e]
V  [jvm.dll+0xb65e0]
V  [jvm.dll+0xb6c0a]
V  [jvm.dll+0xff21c]
V  [jvm.dll+0x11c71f]
V  [jvm.dll+0x1f65d2]
V  [jvm.dll+0x1f6725]
V  [jvm.dll+0x227a0f]
V  [jvm.dll+0x3e2ffc]
V  [jvm.dll+0x3d1b5e]
V  [jvm.dll+0x28576a]
C  [msvcr100.dll+0x21d9f]
C  [msvcr100.dll+0x21e3b]
C  [KERNEL32.DLL+0x17034]
C  [ntdll.dll+0x52651]

JavaThread 0x00000000023e1000 (nid = 17688) was being processed
Java frames: (J=compiled Java code, j=interpreted, Vv=VM code)
j  sun.security.provider.SeedGenerator$1.run()Ljava/lang/Void;+87
j  sun.security.provider.SeedGenerator$1.run()Ljava/lang/Object;+1
v  ~StubRoutines::call_stub
j  java.security.AccessController.doPrivileged(Ljava/security/PrivilegedAction;)Ljava/lang/Object;+0
j  sun.security.provider.SeedGenerator.getSystemEntropy()[B+40
j  sun.security.provider.SecureRandom$SeederHolder.<clinit>()V+4
v  ~StubRoutines::call_stub
j  sun.security.provider.SecureRandom.engineNextBytes([B)V+21
j  java.security.SecureRandom.nextBytes([B)V+5
j  java.util.UUID.randomUUID()Ljava/util/UUID;+11
j  com.microsoft.sqlserver.jdbc.SQLServerConnection.connectHelper(Lcom/microsoft/sqlserver/jdbc/ServerPortPlaceHolder;IIZZZI)Ljava/net/InetSocketAddress;+170
j  com.microsoft.sqlserver.jdbc.SQLServerConnection.login(Ljava/lang/String;Ljava/lang/String;ILjava/lang/String;Lcom/microsoft/sqlserver/jdbc/FailoverInfo;IJ)V+552
j  com.microsoft.sqlserver.jdbc.SQLServerConnection.connectInternal(Ljava/util/Properties;Lcom/microsoft/sqlserver/jdbc/SQLServerPooledConnection;)Ljava/sql/Connection;+5806
j  com.microsoft.sqlserver.jdbc.SQLServerConnection.connect(Ljava/util/Properties;Lcom/microsoft/sqlserver/jdbc/SQLServerPooledConnection;)Ljava/sql/Connection;+13
j  com.microsoft.sqlserver.jdbc.SQLServerDriver.connect(Ljava/lang/String;Ljava/util/Properties;)Ljava/sql/Connection;+66
j  java.sql.DriverManager.getConnection(Ljava/lang/String;Ljava/util/Properties;Ljava/lang/Class;)Ljava/sql/Connection;+171
j  java.sql.DriverManager.getConnection(Ljava/lang/String;Ljava/lang/String;Ljava/lang/String;)Ljava/sql/Connection;+37
j  mx.com.syntech.tpe.salesforce.servicedesk.depurar.salesforce.adjuntos.conectbdd.ConnectorBDDConsultasBean.getConectionServiceDesk()Ljava/sql/Connection;+140
j  mx.com.syntech.tpe.salesforce.servicedesk.depurar.salesforce.adjuntos.PrincipalBean.eliminarAdjuntosPorTicket(Ljava/lang/String;Ljava/lang/String;Ljava/lang/String;)Lmx/com/syntech/tpe/salesforce/servicedesk/depurar/salesforce/adjuntos/PrincipalResultadoVO;+74
j  mx.com.syntech.tpe.salesforce.servicedesk.depurar.salesforce.adjuntos.PrincipalMain.main([Ljava/lang/String;)V+96
v  ~StubRoutines::call_stub

---------------  P R O C E S S  ---------------

Java Threads: ( => current thread )
  0x000000001bb0a800 JavaThread "Service Thread" daemon [_thread_blocked, id=20460, stack(0x000000001d310000,0x000000001d410000)]
  0x000000001bb05000 JavaThread "C1 CompilerThread2" daemon [_thread_blocked, id=20376, stack(0x000000001d210000,0x000000001d310000)]
  0x000000001bab0800 JavaThread "C2 CompilerThread1" daemon [_thread_blocked, id=20292, stack(0x000000001d110000,0x000000001d210000)]
  0x000000001baae800 JavaThread "C2 CompilerThread0" daemon [_thread_blocked, id=20248, stack(0x000000001d010000,0x000000001d110000)]
  0x000000001baac800 JavaThread "Attach Listener" daemon [_thread_blocked, id=20244, stack(0x000000001cf10000,0x000000001d010000)]
  0x000000001baab800 JavaThread "Signal Dispatcher" daemon [_thread_blocked, id=20096, stack(0x000000001ce10000,0x000000001cf10000)]
  0x00000000024cf000 JavaThread "Finalizer" daemon [_thread_blocked, id=19416, stack(0x000000001cd10000,0x000000001ce10000)]
  0x00000000024cc800 JavaThread "Reference Handler" daemon [_thread_blocked, id=19412, stack(0x000000001cc10000,0x000000001cd10000)]
  0x00000000023e1000 JavaThread "main" [_thread_blocked, id=17688, stack(0x00000000021f0000,0x00000000022f0000)]

Other Threads:
  0x000000001ba77000 VMThread [stack: 0x000000001cb10000,0x000000001cc10000] [id=19152]
  0x000000001bb0d000 WatcherThread [stack: 0x000000001d410000,0x000000001d510000] [id=20468]

=>0x00000000023f6800 (exited) GCTaskThread [stack: 0x00000000125f0000,0x00000000126f0000] [id=18944]

VM state:at safepoint (normal execution)

VM Mutex/Monitor currently owned by a thread:  ([mutex/lock_event])
[0x00000000023dbed0] Threads_lock - owner thread: 0x000000001ba77000
[0x00000000023db9d0] Heap_lock - owner thread: 0x00000000023e1000

Heap:
 PSYoungGen      total 76288K, used 14483K [0x000000076b400000, 0x0000000770900000, 0x00000007c0000000)
  eden space 65536K, 22% used [0x000000076b400000,0x000000076c224f90,0x000000076f400000)
  from space 10752K, 0% used [0x000000076fe80000,0x000000076fe80000,0x0000000770900000)
  to   space 10752K, 20% used [0x000000076f400000,0x000000076f62c010,0x000000076fe80000)
 ParOldGen       total 175104K, used 0K [0x00000006c1c00000, 0x00000006cc700000, 0x000000076b400000)
  object space 175104K, 0% used [0x00000006c1c00000,0x00000006c1c00000,0x00000006cc700000)
 Metaspace       used 7632K, capacity 7738K, committed 7808K, reserved 1060864K
  class space    used 822K, capacity 853K, committed 896K, reserved 1048576K

Card table byte_map: [0x00000000118a0000,0x00000000120a0000] byte_map_base: 0x000000000e292000

Marking Bits: (ParMarkBitMap*) 0x0000000069d8d4f0
 Begin Bits: [0x00000000129f0000, 0x0000000016980000)
 End Bits:   [0x0000000016980000, 0x000000001a910000)

Polling page: 0x0000000002120000

CodeCache: size=245760Kb used=2128Kb max_used=2128Kb free=243631Kb
 bounds [0x00000000024e0000, 0x0000000002750000, 0x00000000114e0000]
 total_blobs=799 nmethods=489 adapters=224
 compilation: enabled

Compilation events (10 events):
Event: 29.076 Thread 0x000000001bb05000  484       3       java.util.LinkedHashMap$LinkedHashIterator::nextNode (54 bytes)
Event: 29.076 Thread 0x000000001bb05000 nmethod 484 0x00000000026f30d0 code [0x00000000026f3260, 0x00000000026f3598]
Event: 29.787 Thread 0x000000001bb05000  485       3       java.util.Hashtable$Enumerator::hasMoreElements (53 bytes)
Event: 29.787 Thread 0x000000001bb05000 nmethod 485 0x00000000026f2b50 code [0x00000000026f2cc0, 0x00000000026f2fb0]
Event: 29.787 Thread 0x000000001bb05000  486       3       java.util.Hashtable$Enumerator::nextElement (111 bytes)
Event: 29.788 Thread 0x000000001bb05000 nmethod 486 0x00000000026f4290 code [0x00000000026f4420, 0x00000000026f48a8]
Event: 29.790 Thread 0x000000001bb05000  487       3       java.security.MessageDigest$Delegate::engineUpdate (11 bytes)
Event: 29.790 Thread 0x000000001bb05000 nmethod 487 0x00000000026f4a90 code [0x00000000026f4c00, 0x00000000026f4e28]
Event: 29.790 Thread 0x000000001bb05000  488       1       java.nio.charset.Charset::name (5 bytes)
Event: 29.790 Thread 0x000000001bb05000 nmethod 488 0x00000000026f2890 code [0x00000000026f29e0, 0x00000000026f2af0]

GC Heap History (1 events):
Event: 67.696 GC heap before
{Heap before GC invocations=1 (full 0):
 PSYoungGen      total 76288K, used 14483K [0x000000076b400000, 0x0000000770900000, 0x00000007c0000000)
  eden space 65536K, 22% used [0x000000076b400000,0x000000076c224ea8,0x000000076f400000)
  from space 10752K, 0% used [0x000000076fe80000,0x000000076fe80000,0x0000000770900000)
  to   space 10752K, 0% used [0x000000076f400000,0x000000076f400000,0x000000076fe80000)
 ParOldGen       total 175104K, used 0K [0x00000006c1c00000, 0x00000006cc700000, 0x000000076b400000)
  object space 175104K, 0% used [0x00000006c1c00000,0x00000006c1c00000,0x00000006cc700000)
 Metaspace       used 7632K, capacity 7738K, committed 7808K, reserved 1060864K
  class space    used 822K, capacity 853K, committed 896K, reserved 1048576K

Deoptimization events (4 events):
Event: 29.076 Thread 0x00000000023e1000 Uncommon trap: reason=class_check action=maybe_recompile pc=0x00000000026d33cc method=java.util.HashMap.putVal(ILjava/lang/Object;Ljava/lang/Object;ZZ)Ljava/lang/Object; @ 253
Event: 29.076 Thread 0x00000000023e1000 Uncommon trap: reason=class_check action=maybe_recompile pc=0x00000000026d33cc method=java.util.HashMap.putVal(ILjava/lang/Object;Ljava/lang/Object;ZZ)Ljava/lang/Object; @ 253
Event: 29.076 Thread 0x00000000023e1000 Uncommon trap: reason=class_check action=maybe_recompile pc=0x00000000026d33cc method=java.util.HashMap.putVal(ILjava/lang/Object;Ljava/lang/Object;ZZ)Ljava/lang/Object; @ 253
Event: 29.076 Thread 0x00000000023e1000 Uncommon trap: reason=class_check action=maybe_recompile pc=0x00000000026d33cc method=java.util.HashMap.putVal(ILjava/lang/Object;Ljava/lang/Object;ZZ)Ljava/lang/Object; @ 253

Internal exceptions (10 events):
Event: 25.558 Thread 0x00000000023e1000 Exception <a 'java/security/PrivilegedActionException'> (0x000000076c07a188) thrown at [C:\workspace\8-2-build-windows-amd64-cygwin\jdk8u31\2394\hotspot\src\share\vm\prims\jvm.cpp, line 1312]
Event: 25.560 Thread 0x00000000023e1000 Exception <a 'java/security/PrivilegedActionException'> (0x000000076c081868) thrown at [C:\workspace\8-2-build-windows-amd64-cygwin\jdk8u31\2394\hotspot\src\share\vm\prims\jvm.cpp, line 1312]
Event: 25.560 Thread 0x00000000023e1000 Exception <a 'java/security/PrivilegedActionException'> (0x000000076c085170) thrown at [C:\workspace\8-2-build-windows-amd64-cygwin\jdk8u31\2394\hotspot\src\share\vm\prims\jvm.cpp, line 1312]
Event: 25.561 Thread 0x00000000023e1000 Exception <a 'java/security/PrivilegedActionException'> (0x000000076c08aab0) thrown at [C:\workspace\8-2-build-windows-amd64-cygwin\jdk8u31\2394\hotspot\src\share\vm\prims\jvm.cpp, line 1312]
Event: 25.562 Thread 0x00000000023e1000 Exception <a 'java/security/PrivilegedActionException'> (0x000000076c08e858) thrown at [C:\workspace\8-2-build-windows-amd64-cygwin\jdk8u31\2394\hotspot\src\share\vm\prims\jvm.cpp, line 1312]
Event: 26.827 Thread 0x00000000023e1000 Exception <a 'java/security/PrivilegedActionException'> (0x000000076c096b48) thrown at [C:\workspace\8-2-build-windows-amd64-cygwin\jdk8u31\2394\hotspot\src\share\vm\prims\jvm.cpp, line 1312]
Event: 26.830 Thread 0x00000000023e1000 Exception <a 'java/security/PrivilegedActionException'> (0x000000076c0ac790) thrown at [C:\workspace\8-2-build-windows-amd64-cygwin\jdk8u31\2394\hotspot\src\share\vm\prims\jvm.cpp, line 1312]
Event: 26.832 Thread 0x00000000023e1000 Exception <a 'java/security/PrivilegedActionException'> (0x000000076c0bb0c0) thrown at [C:\workspace\8-2-build-windows-amd64-cygwin\jdk8u31\2394\hotspot\src\share\vm\prims\jvm.cpp, line 1312]
Event: 26.840 Thread 0x00000000023e1000 Exception <a 'java/security/PrivilegedActionException'> (0x000000076c0eee98) thrown at [C:\workspace\8-2-build-windows-amd64-cygwin\jdk8u31\2394\hotspot\src\share\vm\prims\jvm.cpp, line 1312]
Event: 26.956 Thread 0x00000000023e1000 Exception <a 'java/security/PrivilegedActionException'> (0x000000076c103ae0) thrown at [C:\workspace\8-2-build-windows-amd64-cygwin\jdk8u31\2394\hotspot\src\share\vm\prims\jvm.cpp, line 1312]

Events (10 events):
Event: 67.624 loading class sun/nio/fs/WindowsPathParser$Result
Event: 67.624 loading class sun/nio/fs/WindowsPathParser$Result done
Event: 67.624 loading class sun/nio/fs/Util
Event: 67.624 loading class sun/nio/fs/Util done
Event: 67.624 loading class sun/nio/fs/WindowsPath
Event: 67.625 loading class sun/nio/fs/AbstractPath
Event: 67.625 loading class sun/nio/fs/AbstractPath done
Event: 67.625 loading class sun/nio/fs/WindowsPath done
Event: 67.625 loading class java/nio/file/Files
Event: 67.696 Executing VM operation: CollectForMetadataAllocation


Dynamic libraries:
0x00007ff7c6090000 - 0x00007ff7c60c4000 	C:\Program Files\Java\jdk1.8.0_31\jre\bin\java.exe
0x00007ffd81dd0000 - 0x00007ffd81fc5000 	C:\WINDOWS\SYSTEM32\ntdll.dll
0x00007ffd81110000 - 0x00007ffd811cd000 	C:\WINDOWS\System32\KERNEL32.DLL
0x00007ffd7fb40000 - 0x00007ffd7fe08000 	C:\WINDOWS\System32\KERNELBASE.dll
0x00007ffd80550000 - 0x00007ffd805fc000 	C:\WINDOWS\System32\ADVAPI32.dll
0x00007ffd81610000 - 0x00007ffd816ae000 	C:\WINDOWS\System32\msvcrt.dll
0x00007ffd81cf0000 - 0x00007ffd81d8b000 	C:\WINDOWS\System32\sechost.dll
0x00007ffd80200000 - 0x00007ffd8032b000 	C:\WINDOWS\System32\RPCRT4.dll
0x00007ffd80330000 - 0x00007ffd804d0000 	C:\WINDOWS\System32\USER32.dll
0x00007ffd7f510000 - 0x00007ffd7f532000 	C:\WINDOWS\System32\win32u.dll
0x00007ffd816c0000 - 0x00007ffd816ea000 	C:\WINDOWS\System32\GDI32.dll
0x00007ffd7f6e0000 - 0x00007ffd7f7eb000 	C:\WINDOWS\System32\gdi32full.dll
0x00007ffd7f590000 - 0x00007ffd7f62d000 	C:\WINDOWS\System32\msvcp_win.dll
0x00007ffd7f7f0000 - 0x00007ffd7f8f0000 	C:\WINDOWS\System32\ucrtbase.dll
0x00007ffd746d0000 - 0x00007ffd7496a000 	C:\WINDOWS\WinSxS\amd64_microsoft.windows.common-controls_6595b64144ccf1df_6.0.19041.1052_none_60b8f8fd71f5e8cb\COMCTL32.dll
0x00007ffd80800000 - 0x00007ffd80830000 	C:\WINDOWS\System32\IMM32.DLL
0x00000000694d0000 - 0x00000000695a2000 	C:\Program Files\Java\jdk1.8.0_31\jre\bin\msvcr100.dll
0x00000000695b0000 - 0x0000000069e0a000 	C:\Program Files\Java\jdk1.8.0_31\jre\bin\server\jvm.dll
0x00007ffd81100000 - 0x00007ffd81108000 	C:\WINDOWS\System32\PSAPI.DLL
0x00007ffd71e70000 - 0x00007ffd71e79000 	C:\WINDOWS\SYSTEM32\WSOCK32.dll
0x00007ffd81250000 - 0x00007ffd812bb000 	C:\WINDOWS\System32\WS2_32.dll
0x00007ffd765a0000 - 0x00007ffd765c7000 	C:\WINDOWS\SYSTEM32\WINMM.dll
0x0000000069480000 - 0x000000006948f000 	C:\Program Files\Java\jdk1.8.0_31\jre\bin\verify.dll
0x0000000069450000 - 0x0000000069478000 	C:\Program Files\Java\jdk1.8.0_31\jre\bin\java.dll
0x0000000069430000 - 0x0000000069446000 	C:\Program Files\Java\jdk1.8.0_31\jre\bin\zip.dll
0x00007ffd809c0000 - 0x00007ffd810ff000 	C:\WINDOWS\System32\SHELL32.dll
0x00007ffd7cb40000 - 0x00007ffd7d2d0000 	C:\WINDOWS\SYSTEM32\windows.storage.dll
0x00007ffd7fea0000 - 0x00007ffd801f5000 	C:\WINDOWS\System32\combase.dll
0x00007ffd7eeb0000 - 0x00007ffd7eedc000 	C:\WINDOWS\SYSTEM32\Wldp.dll
0x00007ffd81560000 - 0x00007ffd8160e000 	C:\WINDOWS\System32\SHCORE.dll
0x00007ffd804d0000 - 0x00007ffd80525000 	C:\WINDOWS\System32\shlwapi.dll
0x00007ffd7f450000 - 0x00007ffd7f46f000 	C:\WINDOWS\SYSTEM32\profapi.dll
0x000000006a930000 - 0x000000006a94a000 	C:\Program Files\Java\jdk1.8.0_31\jre\bin\net.dll
0x00007ffd7ec20000 - 0x00007ffd7ec8a000 	C:\WINDOWS\system32\mswsock.dll
0x00007ffd59600000 - 0x00007ffd59617000 	C:\WINDOWS\system32\napinsp.dll
0x00007ffd595e0000 - 0x00007ffd595fb000 	C:\WINDOWS\system32\pnrpnsp.dll
0x00007ffd78350000 - 0x00007ffd78365000 	C:\WINDOWS\system32\wshbth.dll
0x00007ffd79850000 - 0x00007ffd7986d000 	C:\WINDOWS\system32\NLAapi.dll
0x00007ffd7e910000 - 0x00007ffd7e94b000 	C:\WINDOWS\SYSTEM32\IPHLPAPI.DLL
0x00007ffd7e950000 - 0x00007ffd7ea1c000 	C:\WINDOWS\SYSTEM32\DNSAPI.dll
0x00007ffd816b0000 - 0x00007ffd816b8000 	C:\WINDOWS\System32\NSI.dll
0x00007ffd595c0000 - 0x00007ffd595d2000 	C:\WINDOWS\System32\winrnr.dll
0x00007ffd75e80000 - 0x00007ffd75e8a000 	C:\Windows\System32\rasadhlp.dll
0x00007ffd749f0000 - 0x00007ffd74a6f000 	C:\WINDOWS\System32\fwpuclnt.dll
0x00007ffd7fe10000 - 0x00007ffd7fe37000 	C:\WINDOWS\System32\bcrypt.dll
0x00007ffd7edf0000 - 0x00007ffd7ee08000 	C:\WINDOWS\SYSTEM32\CRYPTSP.dll
0x00007ffd7e5c0000 - 0x00007ffd7e5f4000 	C:\WINDOWS\system32\rsaenh.dll
0x00007ffd7f3d0000 - 0x00007ffd7f3fe000 	C:\WINDOWS\SYSTEM32\USERENV.dll
0x00007ffd7fa50000 - 0x00007ffd7fad3000 	C:\WINDOWS\System32\bcryptprimitives.dll
0x00007ffd7ee10000 - 0x00007ffd7ee1c000 	C:\WINDOWS\SYSTEM32\CRYPTBASE.dll
0x00007ffd760a0000 - 0x00007ffd760b7000 	C:\WINDOWS\SYSTEM32\dhcpcsvc6.DLL
0x00007ffd75d80000 - 0x00007ffd75d9d000 	C:\WINDOWS\SYSTEM32\dhcpcsvc.DLL
0x00007ffd7de70000 - 0x00007ffd7e054000 	C:\WINDOWS\SYSTEM32\dbghelp.dll

VM Arguments:
java_command: C:\SYNTECH\SERVICIOS\TotalPlay\Desarrollos\APIEliminarSFDAdjuntos\dist\APIEliminarSFDAdjuntos.jar ticket servicedesk DeskService
java_class_path (initial): C:\SYNTECH\SERVICIOS\TotalPlay\Desarrollos\APIEliminarSFDAdjuntos\dist\APIEliminarSFDAdjuntos.jar
Launcher Type: SUN_STANDARD

Environment Variables:
PATH=C:\Program Files\SlickEdit Pro 25.0.1\win\;C:\Program Files (x86)\Common Files\Oracle\Java\javapath;C:\Program Files (x86)\VMware\VMware Workstation\bin\;C:\ProgramData\Oracle\Java\javapath;C:\WINDOWS\system32;C:\WINDOWS;C:\WINDOWS\System32\Wbem;C:\WINDOWS\System32\WindowsPowerShell\v1.0\;C:\WINDOWS\System32\OpenSSH\;C:\Program Files (x86)\Bitvise SSH Client;C:\Program Files\Intel\WiFi\bin\;C:\Program Files\Common Files\Intel\WirelessCommon\;C:\Program Files (x86)\dotnet\;C:\Program Files\dotnet\;C:\Windows\Microsoft.NET\Framework\v4.0.30319;C:\Program Files (x86)\SQL Anywhere 11\bin64;C:\Program Files (x86)\SQL Anywhere 11\bin32;C:\Program Files (x86)\Appeon\Shared\PowerBuilder;C:\Program Files (x86)\Appeon\PowerBuilder 12.0;C:\Windows\Microsoft.NET\Framework\v3.5;C:\Windows\Microsoft.NET\Framework\v2.0.50727;C:\Program Files\Git\cmd;C:\Users\dell\AppData\Local\Programs\Python\Python39\Scripts\;C:\Users\dell\AppData\Local\Programs\Python\Python39\;C:\Users\dell\AppData\Local\Microsoft\WindowsApps;
USERNAME=dell
OS=Windows_NT
PROCESSOR_IDENTIFIER=Intel64 Family 6 Model 61 Stepping 4, GenuineIntel



---------------  S Y S T E M  ---------------

OS: Windows 8.1 , 64 bit Build 9600 

CPU:total 4 (2 cores per cpu, 2 threads per core) family 6 model 61 stepping 4, cmov, cx8, fxsr, mmx, sse, sse2, sse3, ssse3, sse4.1, sse4.2, popcnt, avx, avx2, aes, clmul, erms, rtm, lzcnt, ht, tsc, tscinvbit, bmi1, bmi2

Memory: 4k page, physical 16661200k(318892k free), swap 66992848k(3029740k free)

vm_info: Java HotSpot(TM) 64-Bit Server VM (25.31-b07) for windows-amd64 JRE (1.8.0_31-b13), built on Dec 17 2014 21:00:28 by "java_re" with MS VC++ 10.0 (VS2010)

time: Thu Jun 10 13:18:58 2021
elapsed time: 69 seconds (0d 0h 1m 9s)

